2025-05-12 07:17:29,133 CRIT Supervisor is running as root.  Privileges were not dropped because no user is specified in the config file.  If you intend to run as root, you can set user=root in the config file to avoid this message.
2025-05-12 07:17:29,175 INFO supervisord started with pid 1
2025-05-12 07:17:30,184 INFO spawned: 'nginx' with pid 7
2025-05-12 07:17:30,192 INFO spawned: 'php-fpm' with pid 8
2025-05-12 07:17:30,214 WARN exited: nginx (exit status 1; not expected)
2025-05-12 07:17:31,331 INFO spawned: 'nginx' with pid 11
2025-05-12 07:17:31,334 INFO success: php-fpm entered RUNNING state, process has stayed up for > than 1 seconds (startsecs)
2025-05-12 07:17:31,339 WARN exited: nginx (exit status 1; not expected)
2025-05-12 07:17:33,344 INFO spawned: 'nginx' with pid 12
2025-05-12 07:17:33,350 WARN exited: nginx (exit status 1; not expected)
2025-05-12 07:17:36,358 INFO spawned: 'nginx' with pid 13
2025-05-12 07:17:36,371 WARN exited: nginx (exit status 1; not expected)
2025-05-12 07:17:37,378 INFO gave up: nginx entered FATAL state, too many start retries too quickly
2025-05-12 07:19:11,484 WARN received SIGQUIT indicating exit request
2025-05-12 07:19:11,486 INFO waiting for php-fpm to die
2025-05-12 07:19:11,505 INFO stopped: php-fpm (exit status 0)
2025-05-12 07:19:51,796 CRIT Supervisor is running as root.  Privileges were not dropped because no user is specified in the config file.  If you intend to run as root, you can set user=root in the config file to avoid this message.
2025-05-12 07:19:51,820 INFO supervisord started with pid 1
2025-05-12 07:19:52,825 INFO spawned: 'nginx' with pid 7
2025-05-12 07:19:52,834 INFO spawned: 'php-fpm' with pid 8
2025-05-12 07:19:52,842 WARN exited: nginx (exit status 1; not expected)
2025-05-12 07:19:53,940 INFO spawned: 'nginx' with pid 11
2025-05-12 07:19:53,942 INFO success: php-fpm entered RUNNING state, process has stayed up for > than 1 seconds (startsecs)
2025-05-12 07:19:53,958 WARN exited: nginx (exit status 1; not expected)
2025-05-12 07:19:55,964 INFO spawned: 'nginx' with pid 12
2025-05-12 07:19:55,971 WARN exited: nginx (exit status 1; not expected)
2025-05-12 07:19:58,977 INFO spawned: 'nginx' with pid 13
2025-05-12 07:19:58,984 WARN exited: nginx (exit status 1; not expected)
2025-05-12 07:19:59,986 INFO gave up: nginx entered FATAL state, too many start retries too quickly
2025-05-12 07:21:48,114 WARN received SIGQUIT indicating exit request
2025-05-12 07:21:48,115 INFO waiting for php-fpm to die
2025-05-12 07:21:48,118 INFO stopped: php-fpm (exit status 0)
2025-05-12 07:26:02,881 CRIT Supervisor is running as root.  Privileges were not dropped because no user is specified in the config file.  If you intend to run as root, you can set user=root in the config file to avoid this message.
2025-05-12 07:26:02,896 INFO supervisord started with pid 1
2025-05-12 07:26:03,901 INFO spawned: 'nginx' with pid 7
2025-05-12 07:26:03,914 INFO spawned: 'php-fpm' with pid 8
2025-05-12 07:26:03,922 WARN exited: nginx (exit status 1; not expected)
2025-05-12 07:26:04,984 INFO spawned: 'nginx' with pid 11
2025-05-12 07:26:04,986 INFO success: php-fpm entered RUNNING state, process has stayed up for > than 1 seconds (startsecs)
2025-05-12 07:26:04,994 WARN exited: nginx (exit status 1; not expected)
2025-05-12 07:26:06,999 INFO spawned: 'nginx' with pid 12
2025-05-12 07:26:07,010 WARN exited: nginx (exit status 1; not expected)
2025-05-12 07:26:10,016 INFO spawned: 'nginx' with pid 13
2025-05-12 07:26:10,024 WARN exited: nginx (exit status 1; not expected)
2025-05-12 07:26:11,026 INFO gave up: nginx entered FATAL state, too many start retries too quickly
2025-05-12 07:31:57,435 WARN received SIGQUIT indicating exit request
2025-05-12 07:31:57,439 INFO waiting for php-fpm to die
2025-05-12 07:31:57,452 INFO stopped: php-fpm (exit status 0)
2025-05-12 07:33:44,930 CRIT Supervisor is running as root.  Privileges were not dropped because no user is specified in the config file.  If you intend to run as root, you can set user=root in the config file to avoid this message.
2025-05-12 07:33:44,943 INFO supervisord started with pid 1
2025-05-12 07:33:45,947 INFO spawned: 'nginx' with pid 15
2025-05-12 07:33:45,952 INFO spawned: 'php-fpm' with pid 16
2025-05-12 07:33:45,963 WARN exited: nginx (exit status 1; not expected)
2025-05-12 07:33:47,019 INFO spawned: 'nginx' with pid 19
2025-05-12 07:33:47,021 INFO success: php-fpm entered RUNNING state, process has stayed up for > than 1 seconds (startsecs)
2025-05-12 07:33:47,036 WARN exited: nginx (exit status 1; not expected)
2025-05-12 07:33:49,041 INFO spawned: 'nginx' with pid 20
2025-05-12 07:33:49,047 WARN exited: nginx (exit status 1; not expected)
2025-05-12 07:33:52,053 INFO spawned: 'nginx' with pid 21
2025-05-12 07:33:52,058 WARN exited: nginx (exit status 1; not expected)
2025-05-12 07:33:53,059 INFO gave up: nginx entered FATAL state, too many start retries too quickly
2025-05-12 07:38:20,371 WARN received SIGQUIT indicating exit request
2025-05-12 07:38:20,374 INFO waiting for php-fpm to die
2025-05-12 07:38:21,393 INFO stopped: php-fpm (exit status 0)
2025-05-12 07:42:00,899 CRIT Supervisor is running as root.  Privileges were not dropped because no user is specified in the config file.  If you intend to run as root, you can set user=root in the config file to avoid this message.
2025-05-12 07:42:00,916 INFO supervisord started with pid 1
2025-05-12 07:42:01,921 INFO spawned: 'nginx' with pid 15
2025-05-12 07:42:01,928 INFO spawned: 'php-fpm' with pid 16
2025-05-12 07:42:01,939 WARN exited: nginx (exit status 1; not expected)
2025-05-12 07:42:03,025 INFO spawned: 'nginx' with pid 19
2025-05-12 07:42:03,026 INFO success: php-fpm entered RUNNING state, process has stayed up for > than 1 seconds (startsecs)
2025-05-12 07:42:03,031 WARN exited: nginx (exit status 1; not expected)
2025-05-12 07:42:05,036 INFO spawned: 'nginx' with pid 20
2025-05-12 07:42:05,047 WARN exited: nginx (exit status 1; not expected)
2025-05-12 07:42:08,056 INFO spawned: 'nginx' with pid 21
2025-05-12 07:42:08,069 WARN exited: nginx (exit status 1; not expected)
2025-05-12 07:42:09,071 INFO gave up: nginx entered FATAL state, too many start retries too quickly
2025-05-12 07:43:02,134 WARN received SIGQUIT indicating exit request
2025-05-12 07:43:02,135 INFO waiting for php-fpm to die
2025-05-12 07:43:02,142 INFO stopped: php-fpm (exit status 0)
2025-05-12 11:21:07,781 CRIT Supervisor is running as root.  Privileges were not dropped because no user is specified in the config file.  If you intend to run as root, you can set user=root in the config file to avoid this message.
2025-05-12 11:21:07,795 INFO supervisord started with pid 1
2025-05-12 11:21:08,798 INFO spawned: 'nginx' with pid 11
2025-05-12 11:21:08,802 INFO spawned: 'php-fpm' with pid 12
2025-05-12 11:21:08,836 WARN exited: nginx (exit status 1; not expected)
2025-05-12 11:21:09,896 INFO spawned: 'nginx' with pid 15
2025-05-12 11:21:09,897 INFO success: php-fpm entered RUNNING state, process has stayed up for > than 1 seconds (startsecs)
2025-05-12 11:21:09,902 WARN exited: nginx (exit status 1; not expected)
2025-05-12 11:21:11,907 INFO spawned: 'nginx' with pid 16
2025-05-12 11:21:11,914 WARN exited: nginx (exit status 1; not expected)
2025-05-12 11:21:14,919 INFO spawned: 'nginx' with pid 17
2025-05-12 11:21:14,929 WARN exited: nginx (exit status 1; not expected)
2025-05-12 11:21:15,931 INFO gave up: nginx entered FATAL state, too many start retries too quickly
2025-05-12 11:23:35,085 WARN received SIGQUIT indicating exit request
2025-05-12 11:23:35,088 INFO waiting for php-fpm to die
2025-05-12 11:23:35,097 INFO stopped: php-fpm (exit status 0)
2025-05-12 11:25:50,826 CRIT Supervisor is running as root.  Privileges were not dropped because no user is specified in the config file.  If you intend to run as root, you can set user=root in the config file to avoid this message.
2025-05-12 11:25:50,898 INFO supervisord started with pid 1
2025-05-12 11:25:51,945 INFO spawned: 'nginx' with pid 21
2025-05-12 11:25:51,970 INFO spawned: 'php-fpm' with pid 22
2025-05-12 11:25:52,129 WARN exited: nginx (exit status 1; not expected)
2025-05-12 11:25:53,138 INFO spawned: 'nginx' with pid 25
2025-05-12 11:25:53,143 INFO success: php-fpm entered RUNNING state, process has stayed up for > than 1 seconds (startsecs)
2025-05-12 11:25:53,197 WARN exited: nginx (exit status 1; not expected)
2025-05-12 11:25:55,207 INFO spawned: 'nginx' with pid 26
2025-05-12 11:25:55,229 WARN exited: nginx (exit status 1; not expected)
2025-05-12 11:25:58,236 INFO spawned: 'nginx' with pid 27
2025-05-12 11:25:58,247 WARN exited: nginx (exit status 1; not expected)
2025-05-12 11:25:59,248 INFO gave up: nginx entered FATAL state, too many start retries too quickly
2025-05-12 11:40:19,531 WARN received SIGQUIT indicating exit request
2025-05-12 11:40:19,630 INFO waiting for php-fpm to die
2025-05-12 11:40:19,807 INFO stopped: php-fpm (exit status 0)
2025-05-12 13:24:31,520 CRIT Supervisor is running as root.  Privileges were not dropped because no user is specified in the config file.  If you intend to run as root, you can set user=root in the config file to avoid this message.
2025-05-12 13:24:31,536 INFO supervisord started with pid 1
2025-05-12 13:24:32,540 INFO spawned: 'nginx' with pid 24
2025-05-12 13:24:32,544 INFO spawned: 'php-fpm' with pid 25
2025-05-12 13:24:32,563 WARN exited: nginx (exit status 1; not expected)
2025-05-12 13:24:33,643 INFO spawned: 'nginx' with pid 28
2025-05-12 13:24:33,645 INFO success: php-fpm entered RUNNING state, process has stayed up for > than 1 seconds (startsecs)
2025-05-12 13:24:33,653 WARN exited: nginx (exit status 1; not expected)
2025-05-12 13:24:35,657 INFO spawned: 'nginx' with pid 29
2025-05-12 13:24:35,664 WARN exited: nginx (exit status 1; not expected)
2025-05-12 13:24:38,669 INFO spawned: 'nginx' with pid 30
2025-05-12 13:24:38,677 WARN exited: nginx (exit status 1; not expected)
2025-05-12 13:24:39,679 INFO gave up: nginx entered FATAL state, too many start retries too quickly
2025-05-12 13:28:25,936 WARN received SIGQUIT indicating exit request
2025-05-12 13:28:25,939 INFO waiting for php-fpm to die
2025-05-12 13:28:25,950 INFO stopped: php-fpm (exit status 0)
2025-05-12 13:28:44,396 CRIT Supervisor is running as root.  Privileges were not dropped because no user is specified in the config file.  If you intend to run as root, you can set user=root in the config file to avoid this message.
2025-05-12 13:28:44,405 INFO supervisord started with pid 1
2025-05-12 13:28:45,406 INFO spawned: 'nginx' with pid 11
2025-05-12 13:28:45,409 INFO spawned: 'php-fpm' with pid 12
2025-05-12 13:28:45,415 WARN exited: nginx (exit status 1; not expected)
2025-05-12 13:28:46,437 INFO spawned: 'nginx' with pid 15
2025-05-12 13:28:46,439 INFO success: php-fpm entered RUNNING state, process has stayed up for > than 1 seconds (startsecs)
2025-05-12 13:28:46,443 WARN exited: nginx (exit status 1; not expected)
2025-05-12 13:28:48,446 INFO spawned: 'nginx' with pid 16
2025-05-12 13:28:48,452 WARN exited: nginx (exit status 1; not expected)
2025-05-12 13:28:51,458 INFO spawned: 'nginx' with pid 17
2025-05-12 13:28:51,467 WARN exited: nginx (exit status 1; not expected)
2025-05-12 13:28:52,470 INFO gave up: nginx entered FATAL state, too many start retries too quickly
2025-05-12 13:29:24,507 WARN received SIGQUIT indicating exit request
2025-05-12 13:29:24,512 INFO waiting for php-fpm to die
2025-05-12 13:29:24,522 INFO stopped: php-fpm (exit status 0)
2025-05-12 13:43:38,129 CRIT Supervisor is running as root.  Privileges were not dropped because no user is specified in the config file.  If you intend to run as root, you can set user=root in the config file to avoid this message.
2025-05-12 13:43:38,141 INFO supervisord started with pid 1
2025-05-12 13:43:39,144 INFO spawned: 'nginx' with pid 17
2025-05-12 13:43:39,147 INFO spawned: 'php-fpm' with pid 18
2025-05-12 13:43:39,157 WARN exited: nginx (exit status 1; not expected)
2025-05-12 13:43:40,204 INFO spawned: 'nginx' with pid 21
2025-05-12 13:43:40,205 INFO success: php-fpm entered RUNNING state, process has stayed up for > than 1 seconds (startsecs)
2025-05-12 13:43:40,210 WARN exited: nginx (exit status 1; not expected)
2025-05-12 13:43:42,215 INFO spawned: 'nginx' with pid 22
2025-05-12 13:43:42,223 WARN exited: nginx (exit status 1; not expected)
2025-05-12 13:43:45,235 INFO spawned: 'nginx' with pid 23
2025-05-12 13:43:45,272 WARN exited: nginx (exit status 1; not expected)
2025-05-12 13:43:46,266 INFO gave up: nginx entered FATAL state, too many start retries too quickly
2025-05-12 13:49:37,693 WARN received SIGQUIT indicating exit request
2025-05-12 13:49:37,696 INFO waiting for php-fpm to die
2025-05-12 13:49:37,711 INFO stopped: php-fpm (exit status 0)
2025-05-12 13:50:40,900 CRIT Supervisor is running as root.  Privileges were not dropped because no user is specified in the config file.  If you intend to run as root, you can set user=root in the config file to avoid this message.
2025-05-12 13:50:40,913 INFO supervisord started with pid 1
2025-05-12 13:50:41,916 INFO spawned: 'nginx' with pid 17
2025-05-12 13:50:41,920 INFO spawned: 'php-fpm' with pid 18
2025-05-12 13:50:41,927 WARN exited: nginx (exit status 1; not expected)
2025-05-12 13:50:42,960 INFO spawned: 'nginx' with pid 21
2025-05-12 13:50:42,961 INFO success: php-fpm entered RUNNING state, process has stayed up for > than 1 seconds (startsecs)
2025-05-12 13:50:42,966 WARN exited: nginx (exit status 1; not expected)
2025-05-12 13:50:44,971 INFO spawned: 'nginx' with pid 22
2025-05-12 13:50:44,979 WARN exited: nginx (exit status 1; not expected)
2025-05-12 13:50:47,985 INFO spawned: 'nginx' with pid 23
2025-05-12 13:50:47,992 WARN exited: nginx (exit status 1; not expected)
2025-05-12 13:50:48,994 INFO gave up: nginx entered FATAL state, too many start retries too quickly
2025-05-12 13:54:54,307 WARN received SIGQUIT indicating exit request
2025-05-12 13:54:54,308 INFO waiting for php-fpm to die
2025-05-12 13:54:54,316 INFO stopped: php-fpm (exit status 0)
2025-05-12 13:56:30,264 CRIT Supervisor is running as root.  Privileges were not dropped because no user is specified in the config file.  If you intend to run as root, you can set user=root in the config file to avoid this message.
2025-05-12 13:56:30,275 INFO supervisord started with pid 1
2025-05-12 13:56:31,278 INFO spawned: 'nginx' with pid 20
2025-05-12 13:56:31,281 INFO spawned: 'php-fpm' with pid 21
2025-05-12 13:56:31,289 WARN exited: nginx (exit status 1; not expected)
2025-05-12 13:56:32,319 INFO spawned: 'nginx' with pid 24
2025-05-12 13:56:32,321 INFO success: php-fpm entered RUNNING state, process has stayed up for > than 1 seconds (startsecs)
2025-05-12 13:56:32,331 WARN exited: nginx (exit status 1; not expected)
2025-05-12 13:56:34,336 INFO spawned: 'nginx' with pid 25
2025-05-12 13:56:34,342 WARN exited: nginx (exit status 1; not expected)
2025-05-12 13:56:37,348 INFO spawned: 'nginx' with pid 26
2025-05-12 13:56:37,356 WARN exited: nginx (exit status 1; not expected)
2025-05-12 13:56:38,359 INFO gave up: nginx entered FATAL state, too many start retries too quickly
2025-05-12 14:47:41,363 WARN received SIGQUIT indicating exit request
2025-05-12 14:47:41,381 INFO waiting for php-fpm to die
2025-05-12 14:47:41,405 INFO stopped: php-fpm (exit status 0)
2025-05-12 15:16:55,466 CRIT Supervisor is running as root.  Privileges were not dropped because no user is specified in the config file.  If you intend to run as root, you can set user=root in the config file to avoid this message.
2025-05-12 15:16:55,477 INFO supervisord started with pid 1
2025-05-12 15:16:56,481 INFO spawned: 'nginx' with pid 16
2025-05-12 15:16:56,486 INFO spawned: 'php-fpm' with pid 17
2025-05-12 15:16:56,501 WARN exited: nginx (exit status 1; not expected)
2025-05-12 15:16:57,612 INFO spawned: 'nginx' with pid 20
2025-05-12 15:16:57,614 INFO success: php-fpm entered RUNNING state, process has stayed up for > than 1 seconds (startsecs)
2025-05-12 15:16:57,623 WARN exited: nginx (exit status 1; not expected)
2025-05-12 15:16:59,627 INFO spawned: 'nginx' with pid 27
2025-05-12 15:16:59,631 WARN exited: nginx (exit status 1; not expected)
2025-05-12 15:17:02,636 INFO spawned: 'nginx' with pid 28
2025-05-12 15:17:02,641 WARN exited: nginx (exit status 1; not expected)
2025-05-12 15:17:03,642 INFO gave up: nginx entered FATAL state, too many start retries too quickly
2025-05-12 15:45:06,880 WARN received SIGQUIT indicating exit request
2025-05-12 15:45:06,897 INFO waiting for php-fpm to die
2025-05-12 15:45:06,919 INFO stopped: php-fpm (exit status 0)
2025-05-13 05:36:38,780 CRIT Supervisor is running as root.  Privileges were not dropped because no user is specified in the config file.  If you intend to run as root, you can set user=root in the config file to avoid this message.
2025-05-13 05:36:38,792 INFO supervisord started with pid 1
2025-05-13 05:36:39,796 INFO spawned: 'nginx' with pid 16
2025-05-13 05:36:39,801 INFO spawned: 'php-fpm' with pid 17
2025-05-13 05:36:39,822 WARN exited: nginx (exit status 1; not expected)
2025-05-13 05:36:40,886 INFO spawned: 'nginx' with pid 20
2025-05-13 05:36:40,888 INFO success: php-fpm entered RUNNING state, process has stayed up for > than 1 seconds (startsecs)
2025-05-13 05:36:40,893 WARN exited: nginx (exit status 1; not expected)
2025-05-13 05:36:42,894 INFO spawned: 'nginx' with pid 21
2025-05-13 05:36:42,899 WARN exited: nginx (exit status 1; not expected)
2025-05-13 05:36:45,904 INFO spawned: 'nginx' with pid 22
2025-05-13 05:36:45,910 WARN exited: nginx (exit status 1; not expected)
2025-05-13 05:36:46,912 INFO gave up: nginx entered FATAL state, too many start retries too quickly
2025-05-13 05:41:02,705 WARN received SIGQUIT indicating exit request
2025-05-13 05:41:02,707 INFO waiting for php-fpm to die
2025-05-13 05:41:02,714 INFO stopped: php-fpm (exit status 0)
2025-05-13 05:44:35,229 CRIT Supervisor is running as root.  Privileges were not dropped because no user is specified in the config file.  If you intend to run as root, you can set user=root in the config file to avoid this message.
2025-05-13 05:44:35,242 INFO supervisord started with pid 1
2025-05-13 05:44:36,245 INFO spawned: 'nginx' with pid 25
2025-05-13 05:44:36,248 INFO spawned: 'php-fpm' with pid 26
2025-05-13 05:44:36,255 WARN exited: nginx (exit status 1; not expected)
2025-05-13 05:44:37,290 INFO spawned: 'nginx' with pid 29
2025-05-13 05:44:37,292 INFO success: php-fpm entered RUNNING state, process has stayed up for > than 1 seconds (startsecs)
2025-05-13 05:44:37,298 WARN exited: nginx (exit status 1; not expected)
2025-05-13 05:44:39,304 INFO spawned: 'nginx' with pid 30
2025-05-13 05:44:39,320 WARN exited: nginx (exit status 1; not expected)
2025-05-13 05:44:42,345 INFO spawned: 'nginx' with pid 31
2025-05-13 05:44:42,354 WARN exited: nginx (exit status 1; not expected)
2025-05-13 05:44:43,356 INFO gave up: nginx entered FATAL state, too many start retries too quickly
2025-05-13 05:45:21,408 WARN received SIGQUIT indicating exit request
2025-05-13 05:45:21,409 INFO waiting for php-fpm to die
2025-05-13 05:45:21,415 INFO stopped: php-fpm (exit status 0)
2025-05-13 05:47:02,071 CRIT Supervisor is running as root.  Privileges were not dropped because no user is specified in the config file.  If you intend to run as root, you can set user=root in the config file to avoid this message.
2025-05-13 05:47:02,081 INFO supervisord started with pid 1
2025-05-13 05:47:03,084 INFO spawned: 'nginx' with pid 27
2025-05-13 05:47:03,087 INFO spawned: 'php-fpm' with pid 28
2025-05-13 05:47:03,091 WARN exited: nginx (exit status 1; not expected)
2025-05-13 05:47:04,125 INFO spawned: 'nginx' with pid 31
2025-05-13 05:47:04,126 INFO success: php-fpm entered RUNNING state, process has stayed up for > than 1 seconds (startsecs)
2025-05-13 05:47:04,129 WARN exited: nginx (exit status 1; not expected)
2025-05-13 05:47:06,133 INFO spawned: 'nginx' with pid 32
2025-05-13 05:47:06,138 WARN exited: nginx (exit status 1; not expected)
2025-05-13 05:47:09,143 INFO spawned: 'nginx' with pid 33
2025-05-13 05:47:09,149 WARN exited: nginx (exit status 1; not expected)
2025-05-13 05:47:10,151 INFO gave up: nginx entered FATAL state, too many start retries too quickly
2025-05-13 05:55:05,676 WARN received SIGQUIT indicating exit request
2025-05-13 05:55:05,679 INFO waiting for php-fpm to die
2025-05-13 05:55:06,734 INFO stopped: php-fpm (exit status 0)
2025-05-13 05:57:55,286 CRIT Supervisor is running as root.  Privileges were not dropped because no user is specified in the config file.  If you intend to run as root, you can set user=root in the config file to avoid this message.
2025-05-13 05:57:55,296 INFO supervisord started with pid 1
2025-05-13 05:57:56,300 INFO spawned: 'nginx' with pid 25
2025-05-13 05:57:56,306 INFO spawned: 'php-fpm' with pid 26
2025-05-13 05:57:56,320 WARN exited: nginx (exit status 1; not expected)
2025-05-13 05:57:57,361 INFO spawned: 'nginx' with pid 29
2025-05-13 05:57:57,363 INFO success: php-fpm entered RUNNING state, process has stayed up for > than 1 seconds (startsecs)
2025-05-13 05:57:57,366 WARN exited: nginx (exit status 1; not expected)
2025-05-13 05:57:59,372 INFO spawned: 'nginx' with pid 30
2025-05-13 05:57:59,380 WARN exited: nginx (exit status 1; not expected)
2025-05-13 05:58:02,385 INFO spawned: 'nginx' with pid 31
2025-05-13 05:58:02,390 WARN exited: nginx (exit status 1; not expected)
2025-05-13 05:58:03,391 INFO gave up: nginx entered FATAL state, too many start retries too quickly
2025-05-13 05:58:51,448 WARN received SIGQUIT indicating exit request
2025-05-13 05:58:51,449 INFO waiting for php-fpm to die
2025-05-13 05:58:51,454 INFO stopped: php-fpm (exit status 0)
2025-05-13 06:00:27,947 CRIT Supervisor is running as root.  Privileges were not dropped because no user is specified in the config file.  If you intend to run as root, you can set user=root in the config file to avoid this message.
2025-05-13 06:00:27,955 INFO supervisord started with pid 1
2025-05-13 06:00:28,964 INFO spawned: 'nginx' with pid 28
2025-05-13 06:00:28,969 INFO spawned: 'php-fpm' with pid 29
2025-05-13 06:00:28,975 WARN exited: nginx (exit status 1; not expected)
2025-05-13 06:00:30,024 INFO spawned: 'nginx' with pid 32
2025-05-13 06:00:30,025 INFO success: php-fpm entered RUNNING state, process has stayed up for > than 1 seconds (startsecs)
2025-05-13 06:00:30,031 WARN exited: nginx (exit status 1; not expected)
2025-05-13 06:00:32,035 INFO spawned: 'nginx' with pid 33
2025-05-13 06:00:32,040 WARN exited: nginx (exit status 1; not expected)
2025-05-13 06:00:35,081 INFO spawned: 'nginx' with pid 34
2025-05-13 06:00:35,114 WARN exited: nginx (exit status 1; not expected)
2025-05-13 06:00:36,117 INFO gave up: nginx entered FATAL state, too many start retries too quickly
2025-05-13 06:02:23,260 WARN received SIGQUIT indicating exit request
2025-05-13 06:02:23,261 INFO waiting for php-fpm to die
2025-05-13 06:02:23,273 INFO stopped: php-fpm (exit status 0)
2025-05-13 06:04:01,423 CRIT Supervisor is running as root.  Privileges were not dropped because no user is specified in the config file.  If you intend to run as root, you can set user=root in the config file to avoid this message.
2025-05-13 06:04:01,433 INFO supervisord started with pid 1
2025-05-13 06:04:02,437 INFO spawned: 'nginx' with pid 26
2025-05-13 06:04:02,441 INFO spawned: 'php-fpm' with pid 27
2025-05-13 06:04:02,456 WARN exited: nginx (exit status 1; not expected)
2025-05-13 06:04:03,491 INFO spawned: 'nginx' with pid 30
2025-05-13 06:04:03,492 INFO success: php-fpm entered RUNNING state, process has stayed up for > than 1 seconds (startsecs)
2025-05-13 06:04:03,499 WARN exited: nginx (exit status 1; not expected)
2025-05-13 06:04:05,503 INFO spawned: 'nginx' with pid 31
2025-05-13 06:04:05,511 WARN exited: nginx (exit status 1; not expected)
2025-05-13 06:04:08,516 INFO spawned: 'nginx' with pid 32
2025-05-13 06:04:08,518 WARN received SIGQUIT indicating exit request
2025-05-13 06:04:08,518 INFO waiting for nginx, php-fpm to die
2025-05-13 06:04:08,522 WARN exited: nginx (exit status 1; not expected)
2025-05-13 06:04:08,523 INFO gave up: nginx entered FATAL state, too many start retries too quickly
2025-05-13 06:04:08,523 INFO stopped: php-fpm (exit status 0)
2025-05-13 06:06:23,394 CRIT Supervisor is running as root.  Privileges were not dropped because no user is specified in the config file.  If you intend to run as root, you can set user=root in the config file to avoid this message.
2025-05-13 06:06:23,404 INFO supervisord started with pid 1
2025-05-13 06:06:24,406 INFO spawned: 'nginx' with pid 25
2025-05-13 06:06:24,410 INFO spawned: 'php-fpm' with pid 26
2025-05-13 06:06:24,416 WARN exited: nginx (exit status 1; not expected)
2025-05-13 06:06:25,465 INFO spawned: 'nginx' with pid 29
2025-05-13 06:06:25,466 INFO success: php-fpm entered RUNNING state, process has stayed up for > than 1 seconds (startsecs)
2025-05-13 06:06:25,477 WARN exited: nginx (exit status 1; not expected)
2025-05-13 06:06:27,487 INFO spawned: 'nginx' with pid 30
2025-05-13 06:06:27,488 WARN exited: nginx (exit status 1; not expected)
2025-05-13 06:06:30,499 INFO spawned: 'nginx' with pid 31
2025-05-13 06:06:30,500 WARN exited: nginx (exit status 1; not expected)
2025-05-13 06:06:31,502 INFO gave up: nginx entered FATAL state, too many start retries too quickly
2025-05-13 06:07:12,549 WARN received SIGQUIT indicating exit request
2025-05-13 06:07:12,550 INFO waiting for php-fpm to die
2025-05-13 06:07:12,559 INFO stopped: php-fpm (exit status 0)
2025-05-13 06:11:16,089 CRIT Supervisor is running as root.  Privileges were not dropped because no user is specified in the config file.  If you intend to run as root, you can set user=root in the config file to avoid this message.
2025-05-13 06:11:16,102 INFO supervisord started with pid 1
2025-05-13 06:11:17,106 INFO spawned: 'nginx' with pid 27
2025-05-13 06:11:17,110 INFO spawned: 'php-fpm' with pid 28
2025-05-13 06:11:17,121 WARN exited: nginx (exit status 1; not expected)
2025-05-13 06:11:18,287 INFO spawned: 'nginx' with pid 31
2025-05-13 06:11:18,289 INFO success: php-fpm entered RUNNING state, process has stayed up for > than 1 seconds (startsecs)
2025-05-13 06:11:18,296 WARN exited: nginx (exit status 1; not expected)
2025-05-13 06:11:20,302 INFO spawned: 'nginx' with pid 32
2025-05-13 06:11:20,308 WARN exited: nginx (exit status 1; not expected)
2025-05-13 06:11:23,315 INFO spawned: 'nginx' with pid 33
2025-05-13 06:11:23,323 WARN exited: nginx (exit status 1; not expected)
2025-05-13 06:11:24,326 INFO gave up: nginx entered FATAL state, too many start retries too quickly
2025-05-13 06:11:36,342 WARN received SIGQUIT indicating exit request
2025-05-13 06:11:36,343 INFO waiting for php-fpm to die
2025-05-13 06:11:36,349 INFO stopped: php-fpm (exit status 0)
2025-05-13 06:20:37,855 CRIT Supervisor is running as root.  Privileges were not dropped because no user is specified in the config file.  If you intend to run as root, you can set user=root in the config file to avoid this message.
2025-05-13 06:20:37,875 INFO supervisord started with pid 1
2025-05-13 06:20:38,880 INFO spawned: 'nginx' with pid 27
2025-05-13 06:20:38,884 INFO spawned: 'php-fpm' with pid 28
2025-05-13 06:20:38,887 WARN received SIGQUIT indicating exit request
2025-05-13 06:20:38,891 INFO waiting for nginx, php-fpm to die
2025-05-13 06:20:38,894 WARN stopped: php-fpm (terminated by SIGTERM)
2025-05-13 06:20:38,896 WARN stopped: nginx (terminated by SIGTERM)
2025-05-13 06:23:20,265 CRIT Supervisor is running as root.  Privileges were not dropped because no user is specified in the config file.  If you intend to run as root, you can set user=root in the config file to avoid this message.
2025-05-13 06:23:20,271 INFO supervisord started with pid 1
2025-05-13 06:23:21,274 INFO spawned: 'nginx' with pid 27
2025-05-13 06:23:21,276 INFO spawned: 'php-fpm' with pid 28
2025-05-13 06:23:21,285 WARN exited: nginx (exit status 1; not expected)
2025-05-13 06:23:22,366 INFO spawned: 'nginx' with pid 31
2025-05-13 06:23:22,367 INFO success: php-fpm entered RUNNING state, process has stayed up for > than 1 seconds (startsecs)
2025-05-13 06:23:22,371 WARN exited: nginx (exit status 1; not expected)
2025-05-13 06:23:24,374 INFO spawned: 'nginx' with pid 32
2025-05-13 06:23:24,379 WARN exited: nginx (exit status 1; not expected)
2025-05-13 06:23:27,385 INFO spawned: 'nginx' with pid 33
2025-05-13 06:23:27,395 WARN exited: nginx (exit status 1; not expected)
2025-05-13 06:23:28,398 INFO gave up: nginx entered FATAL state, too many start retries too quickly
2025-05-13 06:31:40,833 WARN received SIGQUIT indicating exit request
2025-05-13 06:31:40,834 INFO waiting for php-fpm to die
2025-05-13 06:31:40,843 INFO stopped: php-fpm (exit status 0)
2025-05-13 06:37:01,933 CRIT Supervisor is running as root.  Privileges were not dropped because no user is specified in the config file.  If you intend to run as root, you can set user=root in the config file to avoid this message.
2025-05-13 06:37:01,940 INFO supervisord started with pid 1
2025-05-13 06:37:02,944 INFO spawned: 'nginx' with pid 29
2025-05-13 06:37:02,947 INFO spawned: 'php-fpm' with pid 30
2025-05-13 06:37:02,961 WARN exited: nginx (exit status 1; not expected)
2025-05-13 06:37:04,017 INFO spawned: 'nginx' with pid 33
2025-05-13 06:37:04,019 INFO success: php-fpm entered RUNNING state, process has stayed up for > than 1 seconds (startsecs)
2025-05-13 06:37:04,034 WARN exited: nginx (exit status 1; not expected)
2025-05-13 06:37:06,041 INFO spawned: 'nginx' with pid 34
2025-05-13 06:37:06,050 WARN exited: nginx (exit status 1; not expected)
2025-05-13 06:37:09,056 INFO spawned: 'nginx' with pid 35
2025-05-13 06:37:09,062 WARN exited: nginx (exit status 1; not expected)
2025-05-13 06:37:10,064 INFO gave up: nginx entered FATAL state, too many start retries too quickly
2025-05-13 06:37:52,113 WARN received SIGQUIT indicating exit request
2025-05-13 06:37:52,114 INFO waiting for php-fpm to die
2025-05-13 06:37:52,122 INFO stopped: php-fpm (exit status 0)
2025-05-13 06:51:36,834 CRIT Supervisor is running as root.  Privileges were not dropped because no user is specified in the config file.  If you intend to run as root, you can set user=root in the config file to avoid this message.
2025-05-13 06:51:36,846 INFO supervisord started with pid 1
2025-05-13 06:51:37,850 INFO spawned: 'nginx' with pid 36
2025-05-13 06:51:37,857 INFO spawned: 'php-fpm' with pid 37
2025-05-13 06:51:37,877 WARN exited: nginx (exit status 1; not expected)
2025-05-13 06:51:38,952 INFO spawned: 'nginx' with pid 40
2025-05-13 06:51:38,954 INFO success: php-fpm entered RUNNING state, process has stayed up for > than 1 seconds (startsecs)
2025-05-13 06:51:38,959 WARN exited: nginx (exit status 1; not expected)
2025-05-13 06:51:40,964 INFO spawned: 'nginx' with pid 41
2025-05-13 06:51:40,972 WARN exited: nginx (exit status 1; not expected)
2025-05-13 06:51:44,309 INFO spawned: 'nginx' with pid 42
2025-05-13 06:51:44,317 WARN exited: nginx (exit status 1; not expected)
2025-05-13 06:51:45,319 INFO gave up: nginx entered FATAL state, too many start retries too quickly
2025-05-13 08:21:23,875 WARN received SIGQUIT indicating exit request
2025-05-13 08:21:23,884 INFO waiting for php-fpm to die
2025-05-13 08:21:23,905 INFO stopped: php-fpm (exit status 0)
2025-05-14 00:40:46,492 CRIT Supervisor is running as root.  Privileges were not dropped because no user is specified in the config file.  If you intend to run as root, you can set user=root in the config file to avoid this message.
2025-05-14 00:40:46,502 INFO supervisord started with pid 1
2025-05-14 00:40:47,506 INFO spawned: 'nginx' with pid 25
2025-05-14 00:40:47,513 INFO spawned: 'php-fpm' with pid 26
2025-05-14 00:40:47,528 WARN exited: nginx (exit status 1; not expected)
2025-05-14 00:40:48,676 INFO spawned: 'nginx' with pid 29
2025-05-14 00:40:48,679 INFO success: php-fpm entered RUNNING state, process has stayed up for > than 1 seconds (startsecs)
2025-05-14 00:40:48,686 WARN exited: nginx (exit status 1; not expected)
2025-05-14 00:40:50,693 INFO spawned: 'nginx' with pid 30
2025-05-14 00:40:50,702 WARN exited: nginx (exit status 1; not expected)
2025-05-14 00:40:53,708 INFO spawned: 'nginx' with pid 31
2025-05-14 00:40:53,712 WARN exited: nginx (exit status 1; not expected)
2025-05-14 00:40:54,714 INFO gave up: nginx entered FATAL state, too many start retries too quickly
2025-05-14 01:28:40,649 WARN received SIGQUIT indicating exit request
2025-05-14 01:28:40,673 INFO waiting for php-fpm to die
2025-05-14 01:28:40,730 INFO stopped: php-fpm (exit status 0)
2025-05-14 04:27:28,902 CRIT Supervisor is running as root.  Privileges were not dropped because no user is specified in the config file.  If you intend to run as root, you can set user=root in the config file to avoid this message.
2025-05-14 04:27:28,912 INFO supervisord started with pid 1
2025-05-14 04:27:29,915 INFO spawned: 'nginx' with pid 44
2025-05-14 04:27:29,917 INFO spawned: 'php-fpm' with pid 45
2025-05-14 04:27:29,934 WARN exited: nginx (exit status 1; not expected)
2025-05-14 04:27:31,017 INFO spawned: 'nginx' with pid 48
2025-05-14 04:27:31,017 INFO success: php-fpm entered RUNNING state, process has stayed up for > than 1 seconds (startsecs)
2025-05-14 04:27:31,022 WARN exited: nginx (exit status 1; not expected)
2025-05-14 04:27:33,025 INFO spawned: 'nginx' with pid 49
2025-05-14 04:27:33,029 WARN exited: nginx (exit status 1; not expected)
2025-05-14 04:27:36,035 INFO spawned: 'nginx' with pid 51
2025-05-14 04:27:36,038 WARN exited: nginx (exit status 1; not expected)
2025-05-14 04:27:37,040 INFO gave up: nginx entered FATAL state, too many start retries too quickly
2025-05-14 04:38:08,864 WARN received SIGQUIT indicating exit request
2025-05-14 04:38:08,865 INFO waiting for php-fpm to die
2025-05-14 04:38:08,870 INFO stopped: php-fpm (exit status 0)
2025-05-14 04:48:48,789 CRIT Supervisor is running as root.  Privileges were not dropped because no user is specified in the config file.  If you intend to run as root, you can set user=root in the config file to avoid this message.
2025-05-14 04:48:48,800 INFO supervisord started with pid 1
2025-05-14 04:48:49,803 INFO spawned: 'nginx' with pid 34
2025-05-14 04:48:49,806 INFO spawned: 'php-fpm' with pid 35
2025-05-14 04:48:49,819 WARN exited: nginx (exit status 1; not expected)
2025-05-14 04:48:50,877 INFO spawned: 'nginx' with pid 38
2025-05-14 04:48:50,879 INFO success: php-fpm entered RUNNING state, process has stayed up for > than 1 seconds (startsecs)
2025-05-14 04:48:50,885 WARN exited: nginx (exit status 1; not expected)
2025-05-14 04:48:52,890 INFO spawned: 'nginx' with pid 39
2025-05-14 04:48:52,897 WARN exited: nginx (exit status 1; not expected)
2025-05-14 04:48:55,904 INFO spawned: 'nginx' with pid 40
2025-05-14 04:48:55,911 WARN exited: nginx (exit status 1; not expected)
2025-05-14 04:48:56,913 INFO gave up: nginx entered FATAL state, too many start retries too quickly
2025-05-14 04:50:50,045 WARN received SIGQUIT indicating exit request
2025-05-14 04:50:50,047 INFO waiting for php-fpm to die
2025-05-14 04:50:50,055 INFO stopped: php-fpm (exit status 0)
2025-05-14 05:04:07,490 CRIT Supervisor is running as root.  Privileges were not dropped because no user is specified in the config file.  If you intend to run as root, you can set user=root in the config file to avoid this message.
2025-05-14 05:04:07,500 INFO supervisord started with pid 1
2025-05-14 05:04:08,505 INFO spawned: 'nginx' with pid 47
2025-05-14 05:04:08,511 INFO spawned: 'php-fpm' with pid 48
2025-05-14 05:04:08,535 WARN exited: nginx (exit status 1; not expected)
2025-05-14 05:04:09,704 INFO spawned: 'nginx' with pid 51
2025-05-14 05:04:09,720 INFO success: php-fpm entered RUNNING state, process has stayed up for > than 1 seconds (startsecs)
2025-05-14 05:04:09,731 WARN exited: nginx (exit status 1; not expected)
2025-05-14 05:04:11,739 INFO spawned: 'nginx' with pid 52
2025-05-14 05:04:11,742 WARN exited: nginx (exit status 1; not expected)
2025-05-14 05:04:14,751 INFO spawned: 'nginx' with pid 53
2025-05-14 05:04:14,761 WARN exited: nginx (exit status 1; not expected)
2025-05-14 05:04:15,764 INFO gave up: nginx entered FATAL state, too many start retries too quickly
2025-05-14 05:10:08,436 WARN received SIGQUIT indicating exit request
2025-05-14 05:10:08,438 INFO waiting for php-fpm to die
2025-05-14 05:10:08,446 INFO stopped: php-fpm (exit status 0)
2025-05-14 05:56:24,289 CRIT Supervisor is running as root.  Privileges were not dropped because no user is specified in the config file.  If you intend to run as root, you can set user=root in the config file to avoid this message.
2025-05-14 05:56:24,300 INFO supervisord started with pid 1
2025-05-14 05:56:25,303 INFO spawned: 'nginx' with pid 45
2025-05-14 05:56:25,305 INFO spawned: 'php-fpm' with pid 46
2025-05-14 05:56:25,316 WARN exited: nginx (exit status 1; not expected)
2025-05-14 05:56:26,372 INFO spawned: 'nginx' with pid 49
2025-05-14 05:56:26,373 INFO success: php-fpm entered RUNNING state, process has stayed up for > than 1 seconds (startsecs)
2025-05-14 05:56:26,377 WARN exited: nginx (exit status 1; not expected)
2025-05-14 05:56:28,382 INFO spawned: 'nginx' with pid 50
2025-05-14 05:56:28,387 WARN exited: nginx (exit status 1; not expected)
2025-05-14 05:56:31,391 INFO spawned: 'nginx' with pid 51
2025-05-14 05:56:31,397 WARN exited: nginx (exit status 1; not expected)
2025-05-14 05:56:32,399 INFO gave up: nginx entered FATAL state, too many start retries too quickly
2025-05-14 05:58:32,893 WARN received SIGQUIT indicating exit request
2025-05-14 05:58:32,894 INFO waiting for php-fpm to die
2025-05-14 05:58:32,899 INFO stopped: php-fpm (exit status 0)
2025-05-14 07:41:02,593 CRIT Supervisor is running as root.  Privileges were not dropped because no user is specified in the config file.  If you intend to run as root, you can set user=root in the config file to avoid this message.
2025-05-14 07:41:02,622 INFO supervisord started with pid 1
2025-05-14 07:41:03,629 INFO spawned: 'nginx' with pid 26
2025-05-14 07:41:03,636 INFO spawned: 'php-fpm' with pid 27
2025-05-14 07:41:03,654 WARN exited: nginx (exit status 1; not expected)
2025-05-14 07:41:04,780 INFO spawned: 'nginx' with pid 30
2025-05-14 07:41:04,781 INFO success: php-fpm entered RUNNING state, process has stayed up for > than 1 seconds (startsecs)
2025-05-14 07:41:04,791 WARN exited: nginx (exit status 1; not expected)
2025-05-14 07:41:06,801 INFO spawned: 'nginx' with pid 33
2025-05-14 07:41:06,814 WARN exited: nginx (exit status 1; not expected)
2025-05-14 07:41:09,821 INFO spawned: 'nginx' with pid 34
2025-05-14 07:41:09,833 WARN exited: nginx (exit status 1; not expected)
2025-05-14 07:41:10,839 INFO gave up: nginx entered FATAL state, too many start retries too quickly
2025-05-14 07:44:05,604 WARN received SIGQUIT indicating exit request
2025-05-14 07:44:05,606 INFO waiting for php-fpm to die
2025-05-14 07:44:05,617 INFO stopped: php-fpm (exit status 0)
2025-05-14 08:06:42,180 CRIT Supervisor is running as root.  Privileges were not dropped because no user is specified in the config file.  If you intend to run as root, you can set user=root in the config file to avoid this message.
2025-05-14 08:06:42,192 INFO supervisord started with pid 1
2025-05-14 08:06:43,195 INFO spawned: 'nginx' with pid 31
2025-05-14 08:06:43,198 INFO spawned: 'php-fpm' with pid 32
2025-05-14 08:06:43,211 WARN exited: nginx (exit status 1; not expected)
2025-05-14 08:06:44,281 INFO spawned: 'nginx' with pid 35
2025-05-14 08:06:44,283 INFO success: php-fpm entered RUNNING state, process has stayed up for > than 1 seconds (startsecs)
2025-05-14 08:06:44,295 WARN exited: nginx (exit status 1; not expected)
2025-05-14 08:06:46,302 INFO spawned: 'nginx' with pid 36
2025-05-14 08:06:46,308 WARN exited: nginx (exit status 1; not expected)
2025-05-14 08:06:49,314 INFO spawned: 'nginx' with pid 37
2025-05-14 08:06:49,320 WARN exited: nginx (exit status 1; not expected)
2025-05-14 08:06:50,322 INFO gave up: nginx entered FATAL state, too many start retries too quickly
2025-05-14 08:08:16,408 WARN received SIGQUIT indicating exit request
2025-05-14 08:08:16,409 INFO waiting for php-fpm to die
2025-05-14 08:08:16,417 INFO stopped: php-fpm (exit status 0)
2025-05-14 08:28:47,925 CRIT Supervisor is running as root.  Privileges were not dropped because no user is specified in the config file.  If you intend to run as root, you can set user=root in the config file to avoid this message.
2025-05-14 08:28:47,933 INFO supervisord started with pid 1
2025-05-14 08:28:48,937 INFO spawned: 'nginx' with pid 36
2025-05-14 08:28:48,947 INFO spawned: 'php-fpm' with pid 37
2025-05-14 08:28:48,963 WARN exited: nginx (exit status 1; not expected)
2025-05-14 08:28:50,047 INFO spawned: 'nginx' with pid 40
2025-05-14 08:28:50,048 INFO success: php-fpm entered RUNNING state, process has stayed up for > than 1 seconds (startsecs)
2025-05-14 08:28:50,054 WARN exited: nginx (exit status 1; not expected)
2025-05-14 08:28:52,061 INFO spawned: 'nginx' with pid 41
2025-05-14 08:28:52,070 WARN exited: nginx (exit status 1; not expected)
2025-05-14 08:28:55,077 INFO spawned: 'nginx' with pid 42
2025-05-14 08:28:55,088 WARN exited: nginx (exit status 1; not expected)
2025-05-14 08:28:55,089 INFO gave up: nginx entered FATAL state, too many start retries too quickly
2025-05-14 09:29:24,636 WARN received SIGQUIT indicating exit request
2025-05-14 09:29:24,642 INFO waiting for php-fpm to die
2025-05-14 09:29:24,663 INFO stopped: php-fpm (exit status 0)
2025-05-14 09:32:38,284 CRIT Supervisor is running as root.  Privileges were not dropped because no user is specified in the config file.  If you intend to run as root, you can set user=root in the config file to avoid this message.
2025-05-14 09:32:38,293 INFO supervisord started with pid 1
2025-05-14 09:32:39,296 INFO spawned: 'nginx' with pid 31
2025-05-14 09:32:39,300 INFO spawned: 'php-fpm' with pid 32
2025-05-14 09:32:39,309 WARN exited: nginx (exit status 1; not expected)
2025-05-14 09:32:40,354 INFO spawned: 'nginx' with pid 35
2025-05-14 09:32:40,355 INFO success: php-fpm entered RUNNING state, process has stayed up for > than 1 seconds (startsecs)
2025-05-14 09:32:40,359 WARN exited: nginx (exit status 1; not expected)
2025-05-14 09:32:42,364 INFO spawned: 'nginx' with pid 36
2025-05-14 09:32:42,369 WARN exited: nginx (exit status 1; not expected)
2025-05-14 09:32:45,375 INFO spawned: 'nginx' with pid 37
2025-05-14 09:32:45,381 WARN exited: nginx (exit status 1; not expected)
2025-05-14 09:32:46,383 INFO gave up: nginx entered FATAL state, too many start retries too quickly
2025-05-14 09:34:49,590 WARN received SIGQUIT indicating exit request
2025-05-14 09:34:49,592 INFO waiting for php-fpm to die
2025-05-14 09:34:49,608 INFO stopped: php-fpm (exit status 0)
2025-05-15 00:28:34,262 CRIT Supervisor is running as root.  Privileges were not dropped because no user is specified in the config file.  If you intend to run as root, you can set user=root in the config file to avoid this message.
2025-05-15 00:28:34,276 INFO supervisord started with pid 1
2025-05-15 00:28:35,280 INFO spawned: 'nginx' with pid 29
2025-05-15 00:28:35,284 INFO spawned: 'php-fpm' with pid 30
2025-05-15 00:28:35,300 WARN exited: nginx (exit status 1; not expected)
2025-05-15 00:28:36,368 INFO spawned: 'nginx' with pid 33
2025-05-15 00:28:36,370 INFO success: php-fpm entered RUNNING state, process has stayed up for > than 1 seconds (startsecs)
2025-05-15 00:28:36,374 WARN exited: nginx (exit status 1; not expected)
2025-05-15 00:28:38,378 INFO spawned: 'nginx' with pid 34
2025-05-15 00:28:38,383 WARN exited: nginx (exit status 1; not expected)
2025-05-15 00:28:41,388 INFO spawned: 'nginx' with pid 35
2025-05-15 00:28:41,395 WARN exited: nginx (exit status 1; not expected)
2025-05-15 00:28:42,397 INFO gave up: nginx entered FATAL state, too many start retries too quickly
2025-05-15 00:49:53,756 WARN received SIGQUIT indicating exit request
2025-05-15 00:49:53,757 INFO waiting for php-fpm to die
2025-05-15 00:49:53,765 INFO stopped: php-fpm (exit status 0)
2025-05-15 01:33:43,162 CRIT Supervisor is running as root.  Privileges were not dropped because no user is specified in the config file.  If you intend to run as root, you can set user=root in the config file to avoid this message.
2025-05-15 01:33:43,172 INFO supervisord started with pid 1
2025-05-15 01:33:44,175 INFO spawned: 'nginx' with pid 30
2025-05-15 01:33:44,177 INFO spawned: 'php-fpm' with pid 31
2025-05-15 01:33:44,190 WARN exited: nginx (exit status 1; not expected)
2025-05-15 01:33:45,247 INFO spawned: 'nginx' with pid 34
2025-05-15 01:33:45,249 INFO success: php-fpm entered RUNNING state, process has stayed up for > than 1 seconds (startsecs)
2025-05-15 01:33:45,252 WARN exited: nginx (exit status 1; not expected)
2025-05-15 01:33:47,256 INFO spawned: 'nginx' with pid 35
2025-05-15 01:33:47,262 WARN exited: nginx (exit status 1; not expected)
2025-05-15 01:33:51,957 INFO spawned: 'nginx' with pid 36
2025-05-15 01:33:51,961 WARN exited: nginx (exit status 1; not expected)
2025-05-15 01:33:52,963 INFO gave up: nginx entered FATAL state, too many start retries too quickly
2025-05-15 01:41:16,639 WARN received SIGQUIT indicating exit request
2025-05-15 01:41:16,651 INFO waiting for php-fpm to die
2025-05-15 01:41:16,677 INFO stopped: php-fpm (exit status 0)
2025-05-15 01:58:19,661 CRIT Supervisor is running as root.  Privileges were not dropped because no user is specified in the config file.  If you intend to run as root, you can set user=root in the config file to avoid this message.
2025-05-15 01:58:19,669 INFO supervisord started with pid 1
2025-05-15 01:58:20,672 INFO spawned: 'nginx' with pid 29
2025-05-15 01:58:20,677 INFO spawned: 'php-fpm' with pid 30
2025-05-15 01:58:20,685 WARN exited: nginx (exit status 1; not expected)
2025-05-15 01:58:24,444 INFO spawned: 'nginx' with pid 33
2025-05-15 01:58:24,445 INFO success: php-fpm entered RUNNING state, process has stayed up for > than 1 seconds (startsecs)
2025-05-15 01:58:24,450 WARN exited: nginx (exit status 1; not expected)
2025-05-15 01:58:26,454 INFO spawned: 'nginx' with pid 34
2025-05-15 01:58:26,463 WARN exited: nginx (exit status 1; not expected)
2025-05-15 01:58:29,468 INFO spawned: 'nginx' with pid 36
2025-05-15 01:58:29,475 WARN exited: nginx (exit status 1; not expected)
2025-05-15 01:58:30,477 INFO gave up: nginx entered FATAL state, too many start retries too quickly
2025-05-15 02:04:28,998 WARN received SIGQUIT indicating exit request
2025-05-15 02:04:28,999 INFO waiting for php-fpm to die
2025-05-15 02:04:29,012 INFO stopped: php-fpm (exit status 0)
2025-05-15 02:19:47,058 CRIT Supervisor is running as root.  Privileges were not dropped because no user is specified in the config file.  If you intend to run as root, you can set user=root in the config file to avoid this message.
2025-05-15 02:19:47,066 INFO supervisord started with pid 1
2025-05-15 02:19:48,074 INFO spawned: 'nginx' with pid 31
2025-05-15 02:19:48,078 INFO spawned: 'php-fpm' with pid 32
2025-05-15 02:19:48,090 WARN exited: nginx (exit status 1; not expected)
2025-05-15 02:19:49,142 INFO spawned: 'nginx' with pid 35
2025-05-15 02:19:49,143 INFO success: php-fpm entered RUNNING state, process has stayed up for > than 1 seconds (startsecs)
2025-05-15 02:19:49,152 WARN exited: nginx (exit status 1; not expected)
2025-05-15 02:19:51,155 INFO spawned: 'nginx' with pid 36
2025-05-15 02:19:51,161 WARN exited: nginx (exit status 1; not expected)
2025-05-15 02:19:54,166 INFO spawned: 'nginx' with pid 38
2025-05-15 02:19:54,175 WARN exited: nginx (exit status 1; not expected)
2025-05-15 02:19:54,178 INFO gave up: nginx entered FATAL state, too many start retries too quickly
2025-05-15 02:33:44,332 WARN received SIGQUIT indicating exit request
2025-05-15 02:33:44,334 INFO waiting for php-fpm to die
2025-05-15 02:33:44,348 INFO stopped: php-fpm (exit status 0)
2025-05-15 03:49:29,100 CRIT Supervisor is running as root.  Privileges were not dropped because no user is specified in the config file.  If you intend to run as root, you can set user=root in the config file to avoid this message.
2025-05-15 03:49:29,108 INFO supervisord started with pid 1
2025-05-15 03:49:30,110 INFO spawned: 'nginx' with pid 31
2025-05-15 03:49:30,113 INFO spawned: 'php-fpm' with pid 32
2025-05-15 03:49:30,125 WARN exited: nginx (exit status 1; not expected)
2025-05-15 03:49:31,178 INFO spawned: 'nginx' with pid 35
2025-05-15 03:49:31,179 INFO success: php-fpm entered RUNNING state, process has stayed up for > than 1 seconds (startsecs)
2025-05-15 03:49:31,189 WARN exited: nginx (exit status 1; not expected)
2025-05-15 03:49:33,192 INFO spawned: 'nginx' with pid 36
2025-05-15 03:49:33,198 WARN exited: nginx (exit status 1; not expected)
2025-05-15 03:49:38,916 INFO spawned: 'nginx' with pid 37
2025-05-15 03:49:38,921 WARN exited: nginx (exit status 1; not expected)
2025-05-15 03:49:39,922 INFO gave up: nginx entered FATAL state, too many start retries too quickly
2025-05-15 03:56:16,326 WARN received SIGQUIT indicating exit request
2025-05-15 03:56:16,328 INFO waiting for php-fpm to die
2025-05-15 03:56:16,340 INFO stopped: php-fpm (exit status 0)
2025-05-15 05:02:37,862 CRIT Supervisor is running as root.  Privileges were not dropped because no user is specified in the config file.  If you intend to run as root, you can set user=root in the config file to avoid this message.
2025-05-15 05:02:37,874 INFO supervisord started with pid 1
2025-05-15 05:02:38,892 INFO spawned: 'nginx' with pid 38
2025-05-15 05:02:38,903 INFO spawned: 'php-fpm' with pid 39
2025-05-15 05:02:38,915 WARN exited: nginx (exit status 1; not expected)
2025-05-15 05:02:39,994 INFO spawned: 'nginx' with pid 42
2025-05-15 05:02:39,998 INFO success: php-fpm entered RUNNING state, process has stayed up for > than 1 seconds (startsecs)
2025-05-15 05:02:40,002 WARN exited: nginx (exit status 1; not expected)
2025-05-15 05:02:42,005 INFO spawned: 'nginx' with pid 43
2025-05-15 05:02:42,013 WARN exited: nginx (exit status 1; not expected)
2025-05-15 05:02:45,017 INFO spawned: 'nginx' with pid 44
2025-05-15 05:02:45,023 WARN exited: nginx (exit status 1; not expected)
2025-05-15 05:02:46,025 INFO gave up: nginx entered FATAL state, too many start retries too quickly
2025-05-15 05:10:03,268 WARN received SIGQUIT indicating exit request
2025-05-15 05:10:03,269 INFO waiting for php-fpm to die
2025-05-15 05:10:03,277 INFO stopped: php-fpm (exit status 0)
2025-05-15 06:15:39,519 CRIT Supervisor is running as root.  Privileges were not dropped because no user is specified in the config file.  If you intend to run as root, you can set user=root in the config file to avoid this message.
2025-05-15 06:15:39,530 INFO supervisord started with pid 1
2025-05-15 06:15:40,533 INFO spawned: 'nginx' with pid 31
2025-05-15 06:15:40,538 INFO spawned: 'php-fpm' with pid 32
2025-05-15 06:15:40,549 WARN exited: nginx (exit status 1; not expected)
2025-05-15 06:15:41,602 INFO spawned: 'nginx' with pid 35
2025-05-15 06:15:41,603 INFO success: php-fpm entered RUNNING state, process has stayed up for > than 1 seconds (startsecs)
2025-05-15 06:15:41,607 WARN exited: nginx (exit status 1; not expected)
2025-05-15 06:15:43,611 INFO spawned: 'nginx' with pid 36
2025-05-15 06:15:43,618 WARN exited: nginx (exit status 1; not expected)
2025-05-15 06:15:46,623 INFO spawned: 'nginx' with pid 37
2025-05-15 06:15:46,629 WARN exited: nginx (exit status 1; not expected)
2025-05-15 06:15:47,630 INFO gave up: nginx entered FATAL state, too many start retries too quickly
2025-05-15 06:17:43,022 WARN received SIGQUIT indicating exit request
2025-05-15 06:17:43,082 INFO waiting for php-fpm to die
2025-05-15 06:17:43,100 INFO stopped: php-fpm (exit status 0)
2025-05-15 07:44:42,099 CRIT Supervisor is running as root.  Privileges were not dropped because no user is specified in the config file.  If you intend to run as root, you can set user=root in the config file to avoid this message.
2025-05-15 07:44:42,108 INFO supervisord started with pid 1
2025-05-15 07:44:43,111 INFO spawned: 'nginx' with pid 36
2025-05-15 07:44:43,121 INFO spawned: 'php-fpm' with pid 37
2025-05-15 07:44:43,137 WARN exited: nginx (exit status 1; not expected)
2025-05-15 07:44:44,195 INFO spawned: 'nginx' with pid 40
2025-05-15 07:44:44,196 INFO success: php-fpm entered RUNNING state, process has stayed up for > than 1 seconds (startsecs)
2025-05-15 07:44:44,204 WARN exited: nginx (exit status 1; not expected)
2025-05-15 07:44:47,933 INFO spawned: 'nginx' with pid 41
2025-05-15 07:44:47,942 WARN exited: nginx (exit status 1; not expected)
2025-05-15 07:44:50,947 INFO spawned: 'nginx' with pid 42
2025-05-15 07:44:50,955 WARN exited: nginx (exit status 1; not expected)
2025-05-15 07:44:51,957 INFO gave up: nginx entered FATAL state, too many start retries too quickly
2025-05-15 07:57:57,410 WARN received SIGQUIT indicating exit request
2025-05-15 07:57:57,412 INFO waiting for php-fpm to die
2025-05-15 07:57:57,434 INFO stopped: php-fpm (exit status 0)
2025-05-15 09:19:24,813 CRIT Supervisor is running as root.  Privileges were not dropped because no user is specified in the config file.  If you intend to run as root, you can set user=root in the config file to avoid this message.
2025-05-15 09:19:24,829 INFO supervisord started with pid 1
2025-05-15 09:19:25,833 INFO spawned: 'nginx' with pid 36
2025-05-15 09:19:25,840 INFO spawned: 'php-fpm' with pid 37
2025-05-15 09:19:25,862 WARN exited: nginx (exit status 1; not expected)
2025-05-15 09:19:26,943 INFO spawned: 'nginx' with pid 40
2025-05-15 09:19:26,948 INFO success: php-fpm entered RUNNING state, process has stayed up for > than 1 seconds (startsecs)
2025-05-15 09:19:26,954 WARN exited: nginx (exit status 1; not expected)
2025-05-15 09:19:28,958 INFO spawned: 'nginx' with pid 41
2025-05-15 09:19:28,969 WARN exited: nginx (exit status 1; not expected)
2025-05-15 09:19:31,975 INFO spawned: 'nginx' with pid 42
2025-05-15 09:19:31,985 WARN exited: nginx (exit status 1; not expected)
2025-05-15 09:19:32,987 INFO gave up: nginx entered FATAL state, too many start retries too quickly
2025-05-15 09:47:41,426 WARN received SIGQUIT indicating exit request
2025-05-15 09:47:41,428 INFO waiting for php-fpm to die
2025-05-15 09:47:41,436 INFO stopped: php-fpm (exit status 0)
2025-05-15 09:49:32,638 CRIT Supervisor is running as root.  Privileges were not dropped because no user is specified in the config file.  If you intend to run as root, you can set user=root in the config file to avoid this message.
2025-05-15 09:49:32,643 INFO supervisord started with pid 1
2025-05-15 09:49:33,647 INFO spawned: 'nginx' with pid 32
2025-05-15 09:49:33,659 INFO spawned: 'php-fpm' with pid 33
2025-05-15 09:49:33,666 WARN exited: nginx (exit status 1; not expected)
2025-05-15 09:49:34,716 INFO spawned: 'nginx' with pid 36
2025-05-15 09:49:34,722 INFO success: php-fpm entered RUNNING state, process has stayed up for > than 1 seconds (startsecs)
2025-05-15 09:49:34,728 WARN exited: nginx (exit status 1; not expected)
2025-05-15 09:49:38,444 INFO spawned: 'nginx' with pid 37
2025-05-15 09:49:38,455 WARN exited: nginx (exit status 1; not expected)
2025-05-15 09:49:41,461 INFO spawned: 'nginx' with pid 38
2025-05-15 09:49:41,469 WARN exited: nginx (exit status 1; not expected)
2025-05-15 09:49:42,471 INFO gave up: nginx entered FATAL state, too many start retries too quickly
2025-05-15 09:55:26,493 WARN received SIGQUIT indicating exit request
2025-05-15 09:55:26,494 INFO waiting for php-fpm to die
2025-05-15 09:55:26,500 INFO stopped: php-fpm (exit status 0)
2025-05-15 09:57:51,678 CRIT Supervisor is running as root.  Privileges were not dropped because no user is specified in the config file.  If you intend to run as root, you can set user=root in the config file to avoid this message.
2025-05-15 09:57:51,686 INFO supervisord started with pid 1
2025-05-15 09:57:52,688 INFO spawned: 'nginx' with pid 47
2025-05-15 09:57:52,691 INFO spawned: 'php-fpm' with pid 48
2025-05-15 09:57:52,695 WARN exited: nginx (exit status 1; not expected)
2025-05-15 09:57:53,723 INFO spawned: 'nginx' with pid 51
2025-05-15 09:57:53,724 INFO success: php-fpm entered RUNNING state, process has stayed up for > than 1 seconds (startsecs)
2025-05-15 09:57:53,729 WARN exited: nginx (exit status 1; not expected)
2025-05-15 09:57:55,732 INFO spawned: 'nginx' with pid 52
2025-05-15 09:57:55,736 WARN exited: nginx (exit status 1; not expected)
2025-05-15 09:57:58,740 INFO spawned: 'nginx' with pid 53
2025-05-15 09:57:58,745 WARN exited: nginx (exit status 1; not expected)
2025-05-15 09:57:59,747 INFO gave up: nginx entered FATAL state, too many start retries too quickly
2025-05-15 10:12:11,535 WARN received SIGQUIT indicating exit request
2025-05-15 10:12:11,537 INFO waiting for php-fpm to die
2025-05-15 10:12:11,545 INFO stopped: php-fpm (exit status 0)
2025-05-15 10:23:18,775 CRIT Supervisor is running as root.  Privileges were not dropped because no user is specified in the config file.  If you intend to run as root, you can set user=root in the config file to avoid this message.
2025-05-15 10:23:18,783 INFO supervisord started with pid 1
2025-05-15 10:23:19,785 INFO spawned: 'nginx' with pid 31
2025-05-15 10:23:19,788 INFO spawned: 'php-fpm' with pid 32
2025-05-15 10:23:19,796 WARN exited: nginx (exit status 1; not expected)
2025-05-15 10:23:20,823 INFO spawned: 'nginx' with pid 35
2025-05-15 10:23:20,823 INFO success: php-fpm entered RUNNING state, process has stayed up for > than 1 seconds (startsecs)
2025-05-15 10:23:20,827 WARN exited: nginx (exit status 1; not expected)
2025-05-15 10:23:22,831 INFO spawned: 'nginx' with pid 36
2025-05-15 10:23:22,839 WARN exited: nginx (exit status 1; not expected)
2025-05-15 10:23:25,843 INFO spawned: 'nginx' with pid 37
2025-05-15 10:23:25,848 WARN exited: nginx (exit status 1; not expected)
2025-05-15 10:23:30,178 INFO gave up: nginx entered FATAL state, too many start retries too quickly
2025-05-15 11:10:10,350 WARN received SIGQUIT indicating exit request
2025-05-15 11:10:10,351 INFO waiting for php-fpm to die
2025-05-15 11:10:10,359 INFO stopped: php-fpm (exit status 0)
2025-05-15 11:12:52,941 CRIT Supervisor is running as root.  Privileges were not dropped because no user is specified in the config file.  If you intend to run as root, you can set user=root in the config file to avoid this message.
2025-05-15 11:12:52,948 INFO supervisord started with pid 1
2025-05-15 11:12:53,950 INFO spawned: 'nginx' with pid 31
2025-05-15 11:12:53,953 INFO spawned: 'php-fpm' with pid 32
2025-05-15 11:12:53,962 WARN exited: nginx (exit status 1; not expected)
2025-05-15 11:12:54,979 INFO spawned: 'nginx' with pid 35
2025-05-15 11:12:54,980 INFO success: php-fpm entered RUNNING state, process has stayed up for > than 1 seconds (startsecs)
2025-05-15 11:12:54,987 WARN exited: nginx (exit status 1; not expected)
2025-05-15 11:12:56,992 INFO spawned: 'nginx' with pid 36
2025-05-15 11:12:57,001 WARN exited: nginx (exit status 1; not expected)
2025-05-15 11:13:00,005 INFO spawned: 'nginx' with pid 37
2025-05-15 11:13:00,009 WARN exited: nginx (exit status 1; not expected)
2025-05-15 11:13:01,011 INFO gave up: nginx entered FATAL state, too many start retries too quickly
2025-05-15 11:18:35,724 WARN received SIGQUIT indicating exit request
2025-05-15 11:18:35,731 INFO waiting for php-fpm to die
2025-05-15 11:18:35,739 INFO stopped: php-fpm (exit status 0)
2025-05-16 01:57:08,204 CRIT Supervisor is running as root.  Privileges were not dropped because no user is specified in the config file.  If you intend to run as root, you can set user=root in the config file to avoid this message.
2025-05-16 01:57:08,213 INFO supervisord started with pid 1
2025-05-16 01:57:09,216 INFO spawned: 'nginx' with pid 29
2025-05-16 01:57:09,220 INFO spawned: 'php-fpm' with pid 30
2025-05-16 01:57:09,238 WARN exited: nginx (exit status 1; not expected)
2025-05-16 01:57:10,309 INFO spawned: 'nginx' with pid 33
2025-05-16 01:57:10,310 INFO success: php-fpm entered RUNNING state, process has stayed up for > than 1 seconds (startsecs)
2025-05-16 01:57:10,319 WARN exited: nginx (exit status 1; not expected)
2025-05-16 01:57:12,322 INFO spawned: 'nginx' with pid 34
2025-05-16 01:57:12,331 WARN exited: nginx (exit status 1; not expected)
2025-05-16 01:57:15,337 INFO spawned: 'nginx' with pid 35
2025-05-16 01:57:15,345 WARN exited: nginx (exit status 1; not expected)
2025-05-16 01:57:16,347 INFO gave up: nginx entered FATAL state, too many start retries too quickly
2025-05-16 02:02:52,589 WARN received SIGQUIT indicating exit request
2025-05-16 02:02:52,607 INFO waiting for php-fpm to die
2025-05-16 02:02:52,666 INFO stopped: php-fpm (exit status 0)
2025-05-16 02:28:00,058 CRIT Supervisor is running as root.  Privileges were not dropped because no user is specified in the config file.  If you intend to run as root, you can set user=root in the config file to avoid this message.
2025-05-16 02:28:00,070 INFO supervisord started with pid 1
2025-05-16 02:28:01,072 INFO spawned: 'nginx' with pid 30
2025-05-16 02:28:01,075 INFO spawned: 'php-fpm' with pid 31
2025-05-16 02:28:01,088 WARN exited: nginx (exit status 1; not expected)
2025-05-16 02:28:02,134 INFO spawned: 'nginx' with pid 34
2025-05-16 02:28:02,135 INFO success: php-fpm entered RUNNING state, process has stayed up for > than 1 seconds (startsecs)
2025-05-16 02:28:02,140 WARN exited: nginx (exit status 1; not expected)
2025-05-16 02:28:04,144 INFO spawned: 'nginx' with pid 35
2025-05-16 02:28:04,150 WARN exited: nginx (exit status 1; not expected)
2025-05-16 02:28:07,895 INFO spawned: 'nginx' with pid 36
2025-05-16 02:28:07,900 WARN exited: nginx (exit status 1; not expected)
2025-05-16 02:28:08,901 INFO gave up: nginx entered FATAL state, too many start retries too quickly
2025-05-16 02:35:39,757 WARN received SIGQUIT indicating exit request
2025-05-16 02:35:39,758 INFO waiting for php-fpm to die
2025-05-16 02:35:39,763 INFO stopped: php-fpm (exit status 0)
2025-05-16 05:35:18,012 CRIT Supervisor is running as root.  Privileges were not dropped because no user is specified in the config file.  If you intend to run as root, you can set user=root in the config file to avoid this message.
2025-05-16 05:35:18,022 INFO supervisord started with pid 1
2025-05-16 05:35:19,027 INFO spawned: 'nginx' with pid 41
2025-05-16 05:35:19,038 INFO spawned: 'php-fpm' with pid 42
2025-05-16 05:35:19,063 WARN exited: nginx (exit status 1; not expected)
2025-05-16 05:35:20,140 INFO spawned: 'nginx' with pid 45
2025-05-16 05:35:20,142 INFO success: php-fpm entered RUNNING state, process has stayed up for > than 1 seconds (startsecs)
2025-05-16 05:35:20,149 WARN exited: nginx (exit status 1; not expected)
2025-05-16 05:35:22,153 INFO spawned: 'nginx' with pid 46
2025-05-16 05:35:22,162 WARN exited: nginx (exit status 1; not expected)
2025-05-16 05:35:25,168 INFO spawned: 'nginx' with pid 47
2025-05-16 05:35:25,172 WARN exited: nginx (exit status 1; not expected)
2025-05-16 05:35:26,173 INFO gave up: nginx entered FATAL state, too many start retries too quickly
2025-05-16 06:41:35,804 WARN received SIGQUIT indicating exit request
2025-05-16 06:41:35,826 INFO waiting for php-fpm to die
2025-05-16 06:41:35,837 INFO stopped: php-fpm (exit status 0)
